\BOOKMARK [0][-]{chapter.1}{\376\377\000I\000n\000t\000r\000o\000d\000u\000z\000i\000o\000n\000e}{}% 1
\BOOKMARK [0][-]{chapter.2}{\376\377\000E\000l\000e\000t\000t\000r\000o\000s\000t\000a\000t\000i\000c\000a\000\040\000n\000e\000l\000\040\000v\000u\000o\000t\000o\000\040\000\050\000i\000n\000\040\000a\000s\000s\000e\000n\000z\000a\000\040\000d\000i\000\040\000m\000a\000t\000e\000r\000i\000a\000\040\000d\000i\000e\000l\000e\000t\000t\000r\000i\000c\000a\000\051}{}% 2
\BOOKMARK [1][-]{section.2.1}{\376\377\000I\000n\000t\000e\000r\000a\000z\000i\000o\000n\000e\000\040\000\050\000f\000o\000r\000z\000e\000\051\000\040\000d\000i\000\040\000C\000o\000u\000l\000o\000m\000b}{chapter.2}% 3
\BOOKMARK [1][-]{section.2.2}{\376\377\000C\000a\000m\000p\000o\000\040\000e\000l\000e\000t\000t\000r\000o\000s\000t\000a\000t\000i\000c\000o}{chapter.2}% 4
\BOOKMARK [1][-]{section.2.3}{\376\377\000E\000n\000e\000r\000g\000i\000a\000\040\000e\000l\000e\000t\000t\000r\000o\000s\000t\000a\000t\000i\000c\000a}{chapter.2}% 5
\BOOKMARK [1][-]{section.2.4}{\376\377\000C\000a\000m\000p\000o\000\040\000p\000o\000t\000e\000n\000z\000i\000a\000l\000e\000\040\000e\000l\000e\000t\000t\000r\000o\000s\000t\000a\000t\000i\000c\000o}{chapter.2}% 6
\BOOKMARK [1][-]{section.2.5}{\376\377\000L\000i\000n\000e\000e\000\040\000d\000i\000\040\000c\000a\000m\000p\000o}{chapter.2}% 7
\BOOKMARK [1][-]{section.2.6}{\376\377\000S\000u\000p\000e\000r\000f\000i\000c\000i\000\040\000e\000q\000u\000i\000p\000o\000t\000e\000n\000z\000i\000a\000l\000i\000\050\000s\000u\000p\000e\000r\000f\000i\000c\000i\000\040\000i\000n\000\040\000c\000u\000i\000\040\000V\000\040\000\350\000\040\000c\000o\000s\000t\000a\000n\000t\000e\000\051}{chapter.2}% 8
\BOOKMARK [1][-]{section.2.7}{\376\377\000T\000e\000o\000r\000e\000m\000a\000\040\000d\000i\000\040\000G\000a\000u\000s\000s}{chapter.2}% 9
\BOOKMARK [0][-]{chapter.3}{\376\377\000E\000l\000e\000t\000t\000r\000o\000s\000t\000a\000t\000i\000c\000a\000\040\000n\000e\000i\000\040\000c\000o\000n\000d\000u\000t\000t\000o\000r\000i}{}% 10
\BOOKMARK [1][-]{section.3.1}{\376\377\000P\000r\000o\000p\000r\000i\000e\000t\000\340\000\040\000d\000i\000\040\000u\000n\000\040\000c\000o\000n\000d\000u\000t\000t\000o\000r\000e\000\040\000i\000n\000\040\000e\000q\000u\000i\000l\000i\000b\000r\000i\000o}{chapter.3}% 11
\BOOKMARK [1][-]{section.3.2}{\376\377\000C\000a\000v\000i\000t\000\340\000\040\000i\000n\000\040\000u\000n\000\040\000c\000o\000n\000d\000u\000t\000t\000o\000r\000e}{chapter.3}% 12
\BOOKMARK [1][-]{section.3.3}{\376\377\000S\000c\000h\000e\000r\000m\000o\000\040\000e\000l\000e\000t\000t\000r\000o\000s\000t\000a\000t\000i\000c\000o}{chapter.3}% 13
\BOOKMARK [1][-]{section.3.4}{\376\377\000C\000a\000p\000a\000c\000i\000t\000\340\000\040\000e\000l\000e\000t\000t\000r\000o\000s\000t\000a\000t\000i\000c\000a}{chapter.3}% 14
\BOOKMARK [2][-]{subsection.3.4.1}{\376\377\000C\000o\000n\000d\000u\000t\000t\000o\000r\000e\000\040\000i\000s\000o\000l\000a\000t\000o}{section.3.4}% 15
\BOOKMARK [2][-]{subsection.3.4.2}{\376\377\000C\000o\000n\000d\000u\000t\000t\000o\000r\000e\000\040\000n\000o\000n\000\040\000i\000s\000o\000l\000a\000t\000o}{section.3.4}% 16
\BOOKMARK [1][-]{section.3.5}{\376\377\000C\000o\000l\000l\000e\000g\000a\000m\000e\000n\000t\000o\000\040\000d\000i\000\040\000c\000o\000n\000d\000e\000n\000s\000a\000t\000o\000r\000i}{chapter.3}% 17
\BOOKMARK [1][-]{section.3.6}{\376\377\000P\000a\000r\000t\000i\000t\000o\000r\000e\000\040\000c\000a\000p\000a\000c\000i\000t\000i\000v\000o}{chapter.3}% 18
\BOOKMARK [1][-]{section.3.7}{\376\377\000L\000a\000s\000t\000r\000a\000\040\000c\000o\000n\000d\000u\000t\000t\000r\000i\000c\000e\000\040\000i\000n\000\040\000u\000n\000\040\000c\000o\000n\000d\000e\000n\000s\000a\000t\000o\000r\000e}{chapter.3}% 19
\BOOKMARK [1][-]{section.3.8}{\376\377\000E\000n\000e\000r\000g\000i\000a}{chapter.3}% 20
\BOOKMARK [0][-]{chapter.4}{\376\377\000E\000l\000e\000t\000t\000r\000o\000s\000t\000a\000t\000i\000c\000a\000\040\000n\000e\000i\000\040\000d\000i\000e\000l\000e\000t\000t\000r\000i\000c\000i}{}% 21
\BOOKMARK [1][-]{section.4.1}{\376\377\000P\000r\000o\000p\000r\000i\000e\000t\000\340\000\040\000d\000e\000l\000\040\000d\000i\000p\000o\000l\000o\000\040\000e\000l\000e\000t\000t\000r\000i\000c\000o}{chapter.4}% 22
\BOOKMARK [1][-]{section.4.2}{\376\377\000C\000o\000n\000d\000e\000n\000s\000a\000t\000o\000r\000e\000\040\000r\000i\000e\000m\000p\000i\000t\000o\000\040\000d\000i\000\040\000d\000i\000e\000l\000e\000t\000t\000r\000i\000c\000o}{chapter.4}% 23
\BOOKMARK [1][-]{section.4.3}{\376\377\000D\000i\000e\000l\000e\000t\000t\000r\000i\000c\000o\000\040\000l\000i\000n\000e\000a\000r\000e}{chapter.4}% 24
\BOOKMARK [1][-]{section.4.4}{\376\377\000T\000e\000o\000r\000e\000m\000a\000\040\000d\000i\000\040\000G\000a\000u\000s\000s\000\040\000n\000e\000i\000\040\000d\000i\000e\000l\000e\000t\000t\000r\000i\000c\000i}{chapter.4}% 25
\BOOKMARK [0][-]{chapter.5}{\376\377\000E\000n\000e\000r\000g\000i\000a\000\040\000e\000l\000e\000t\000t\000r\000o\000s\000t\000a\000t\000i\000c\000a}{}% 26
\BOOKMARK [1][-]{section.5.1}{\376\377\000S\000i\000s\000t\000e\000m\000a\000\040\000d\000i\000\040\000c\000o\000n\000d\000u\000t\000t\000o\000r\000i}{chapter.5}% 27
\BOOKMARK [0][-]{chapter.6}{\376\377\000E\000l\000e\000t\000t\000r\000o\000d\000i\000n\000a\000m\000i\000c\000a\000\040\000-\000\040\000c\000o\000n\000d\000u\000z\000i\000o\000n\000e\000\040\000e\000l\000e\000t\000t\000r\000i\000c\000a}{}% 28
\BOOKMARK [1][-]{section.6.1}{\376\377\000C\000o\000r\000r\000e\000n\000t\000e\000\040\000e\000l\000e\000t\000t\000r\000i\000c\000a\000\040\000-\000\040\000F\000o\000r\000z\000a\000\040\000e\000l\000e\000t\000t\000r\000o\000m\000o\000t\000r\000i\000c\000e}{chapter.6}% 29
\BOOKMARK [1][-]{section.6.2}{\376\377\000I\000n\000t\000e\000n\000s\000i\000t\000\340\000\040\000d\000i\000\040\000c\000o\000r\000r\000e\000n\000t\000e}{chapter.6}% 30
\BOOKMARK [1][-]{section.6.3}{\376\377\000D\000e\000n\000s\000i\000t\000\340\000\040\000d\000i\000\040\000c\000o\000r\000r\000e\000n\000t\000e}{chapter.6}% 31
\BOOKMARK [1][-]{section.6.4}{\376\377\000C\000o\000r\000r\000e\000n\000t\000e\000\040\000s\000t\000a\000z\000i\000o\000n\000a\000r\000i\000a}{chapter.6}% 32
\BOOKMARK [1][-]{section.6.5}{\376\377\000L\000e\000g\000g\000e\000\040\000d\000i\000\040\000O\000h\000m}{chapter.6}% 33
\BOOKMARK [1][-]{section.6.6}{\376\377\000P\000o\000t\000e\000n\000z\000a\000\040\000e\000l\000e\000t\000t\000r\000i\000c\000a\000\040\000-\000\040\000E\000f\000f\000e\000t\000t\000o\000\040\000J\000o\000u\000l\000e}{chapter.6}% 34
\BOOKMARK [1][-]{section.6.7}{\376\377\000B\000i\000l\000a\000n\000c\000i\000o\000\040\000e\000n\000e\000r\000g\000e\000t\000i\000c\000o}{chapter.6}% 35
\BOOKMARK [1][-]{section.6.8}{\376\377\000B\000i\000l\000a\000n\000c\000i\000o\000\040\000e\000n\000e\000r\000g\000e\000t\000i\000c\000o\000\040\000n\000e\000l\000\040\000p\000o\000t\000e\000n\000z\000i\000a\000l\000e}{chapter.6}% 36
\BOOKMARK [1][-]{section.6.9}{\376\377\000R\000e\000s\000i\000s\000t\000o\000r\000i}{chapter.6}% 37
\BOOKMARK [2][-]{subsection.6.9.1}{\376\377\000C\000o\000l\000l\000e\000g\000a\000m\000e\000n\000t\000o\000\040\000i\000n\000\040\000s\000e\000r\000i\000e}{section.6.9}% 38
\BOOKMARK [2][-]{subsection.6.9.2}{\376\377\000C\000o\000l\000l\000e\000g\000a\000m\000e\000n\000t\000o\000\040\000i\000n\000\040\000p\000a\000r\000a\000l\000l\000e\000l\000o}{section.6.9}% 39
\BOOKMARK [2][-]{subsection.6.9.3}{\376\377\000E\000s\000e\000m\000p\000i\000o}{section.6.9}% 40
\BOOKMARK [2][-]{subsection.6.9.4}{\376\377\000P\000o\000t\000e\000n\000z\000e}{section.6.9}% 41
\BOOKMARK [1][-]{section.6.10}{\376\377\000L\000e\000g\000g\000i\000\040\000d\000i\000\040\000K\000i\000r\000c\000h\000h\000o\000f\000f}{chapter.6}% 42
\BOOKMARK [1][-]{section.6.11}{\376\377\000C\000a\000r\000i\000c\000a\000/\000s\000c\000a\000r\000i\000c\000a\000\040\000d\000i\000\040\000u\000n\000\040\000c\000o\000n\000d\000e\000n\000s\000a\000t\000o\000r\000e}{chapter.6}% 43
\BOOKMARK [0][-]{chapter.7}{\376\377\000M\000a\000g\000n\000e\000t\000o\000s\000t\000a\000t\000i\000c\000a}{}% 44
\BOOKMARK [1][-]{section.7.1}{\376\377\000D\000i\000p\000o\000l\000o\000\040\000m\000a\000g\000n\000e\000t\000i\000c\000o\000\040\000i\000n\000\040\000c\000a\000m\000p\000o\000\040\000e\000s\000t\000e\000r\000n\000o\000\040}{chapter.7}% 45
\BOOKMARK [1][-]{section.7.2}{\376\377\000T\000e\000o\000r\000e\000m\000a\000\040\000d\000i\000\040\000A\000m\000p\000\350\000r\000e}{chapter.7}% 46
