This is pdfTeX, Version 3.141592653-2.6-1.40.23 (TeX Live 2021) (preloaded format=pdflatex 2022.1.30)  15 MAY 2022 13:48
entering extended mode
 restricted \write18 enabled.
 file:line:error style messages enabled.
 %&-line parsing enabled.
**/home/poppo/Università/appunti_miei/appunti_uni/S.O./SO_secondo_semestre.tex
(/home/poppo/Università/appunti_miei/appunti_uni/S.O./SO_secondo_semestre.tex
LaTeX2e <2021-11-15> patch level 1
L3 programming layer <2022-01-21> (/usr/local/texlive/2021/texmf-dist/tex/latex/base/book.cls
Document Class: book 2021/10/04 v1.4n Standard LaTeX document class
(/usr/local/texlive/2021/texmf-dist/tex/latex/base/bk12.clo
File: bk12.clo 2021/10/04 v1.4n Standard LaTeX file (size option)
)
\c@part=\count185
\c@chapter=\count186
\c@section=\count187
\c@subsection=\count188
\c@subsubsection=\count189
\c@paragraph=\count190
\c@subparagraph=\count191
\c@figure=\count192
\c@table=\count193
\abovecaptionskip=\skip47
\belowcaptionskip=\skip48
\bibindent=\dimen138
) (/usr/local/texlive/2021/texmf-dist/tex/latex/base/fontenc.sty
Package: fontenc 2021/04/29 v2.0v Standard LaTeX package
) (/usr/local/texlive/2021/texmf-dist/tex/latex/base/inputenc.sty
Package: inputenc 2021/02/14 v1.3d Input encoding file
\inpenc@prehook=\toks16
\inpenc@posthook=\toks17
) (/usr/local/texlive/2021/texmf-dist/tex/generic/babel/babel.sty
Package: babel 2022/01/26 3.70 The Babel package
\babel@savecnt=\count194
\U@D=\dimen139
\l@unhyphenated=\language87
 (/usr/local/texlive/2021/texmf-dist/tex/generic/babel/txtbabel.def)
\bbl@readstream=\read2
\bbl@dirlevel=\count195
 (/usr/local/texlive/2021/texmf-dist/tex/generic/babel-italian/italian.ldf
Language: italian 2020/05/21 v.1.4.04 Italian support for the babel system
\it@lettering=\count196
\it@doublequoteactive=\count197
\it@ISOcompliance=\count198
)) (/usr/local/texlive/2021/texmf-dist/tex/latex/etoolbox/etoolbox.sty
Package: etoolbox 2020/10/05 v2.5k e-TeX tools for LaTeX (JAW)
\etb@tempcnta=\count199
) (/usr/local/texlive/2021/texmf-dist/tex/latex/graphics/graphicx.sty
Package: graphicx 2021/09/16 v1.2d Enhanced LaTeX Graphics (DPC,SPQR)
 (/usr/local/texlive/2021/texmf-dist/tex/latex/graphics/keyval.sty
Package: keyval 2014/10/28 v1.15 key=value parser (DPC)
\KV@toks@=\toks18
) (/usr/local/texlive/2021/texmf-dist/tex/latex/graphics/graphics.sty
Package: graphics 2021/03/04 v1.4d Standard LaTeX Graphics (DPC,SPQR)
 (/usr/local/texlive/2021/texmf-dist/tex/latex/graphics/trig.sty
Package: trig 2021/08/11 v1.11 sin cos tan (DPC)
) (/usr/local/texlive/2021/texmf-dist/tex/latex/graphics-cfg/graphics.cfg
File: graphics.cfg 2016/06/04 v1.11 sample graphics configuration
)
Package graphics Info: Driver file: pdftex.def on input line 107.
 (/usr/local/texlive/2021/texmf-dist/tex/latex/graphics-def/pdftex.def
File: pdftex.def 2020/10/05 v1.2a Graphics/color driver for pdftex
))
\Gin@req@height=\dimen140
\Gin@req@width=\dimen141
) (/usr/local/texlive/2021/texmf-dist/tex/latex/sidecap/sidecap.sty
Package: sidecap 2003/06/06 v1.6f SideCap Package (RN/HjG)
 (/usr/local/texlive/2021/texmf-dist/tex/latex/base/ifthen.sty
Package: ifthen 2020/11/24 v1.1c Standard LaTeX ifthen package (DPC)
)
\SC@BOXWD=\dimen142
\SC@CAPWD=\dimen143
\SC@tempdima=\dimen144
\SC@tempdimb=\dimen145
\c@SC@C=\count266
\SC@BOX=\box50
) (/usr/local/texlive/2021/texmf-dist/tex/latex/subfig/subfig.sty
Package: subfig 2005/06/28 ver: 1.3 subfig package
 (/usr/local/texlive/2021/texmf-dist/tex/latex/caption/caption.sty
Package: caption 2020/10/26 v3.5g Customizing captions (AR)
 (/usr/local/texlive/2021/texmf-dist/tex/latex/caption/caption3.sty
Package: caption3 2020/10/21 v2.2e caption3 kernel (AR)
\captionmargin=\dimen146
\captionmargin@=\dimen147
\captionwidth=\dimen148
\caption@tempdima=\dimen149
\caption@indent=\dimen150
\caption@parindent=\dimen151
\caption@hangindent=\dimen152
Package caption Info: Standard document class detected.
)
\c@caption@flags=\count267
\c@continuedfloat=\count268
Package caption Info: sidecap package is loaded.
)
\c@KVtest=\count269
\sf@farskip=\skip49
\sf@captopadj=\dimen153
\sf@capskip=\skip50
\sf@nearskip=\skip51
\c@subfigure=\count270
\c@subfigure@save=\count271
\c@lofdepth=\count272
\c@subtable=\count273
\c@subtable@save=\count274
\c@lotdepth=\count275
\sf@top=\skip52
\sf@bottom=\skip53
) (/usr/local/texlive/2021/texmf-dist/tex/latex/hyperref/hyperref.sty
Package: hyperref 2021-06-07 v7.00m Hypertext links for LaTeX
 (/usr/local/texlive/2021/texmf-dist/tex/generic/ltxcmds/ltxcmds.sty
Package: ltxcmds 2020-05-10 v1.25 LaTeX kernel commands for general use (HO)
) (/usr/local/texlive/2021/texmf-dist/tex/generic/iftex/iftex.sty
Package: iftex 2020/03/06 v1.0d TeX engine tests
) (/usr/local/texlive/2021/texmf-dist/tex/generic/pdftexcmds/pdftexcmds.sty
Package: pdftexcmds 2020-06-27 v0.33 Utility functions of pdfTeX for LuaTeX (HO)
 (/usr/local/texlive/2021/texmf-dist/tex/generic/infwarerr/infwarerr.sty
Package: infwarerr 2019/12/03 v1.5 Providing info/warning/error messages (HO)
)
Package pdftexcmds Info: \pdf@primitive is available.
Package pdftexcmds Info: \pdf@ifprimitive is available.
Package pdftexcmds Info: \pdfdraftmode found.
) (/usr/local/texlive/2021/texmf-dist/tex/generic/kvsetkeys/kvsetkeys.sty
Package: kvsetkeys 2019/12/15 v1.18 Key value parser (HO)
) (/usr/local/texlive/2021/texmf-dist/tex/generic/kvdefinekeys/kvdefinekeys.sty
Package: kvdefinekeys 2019-12-19 v1.6 Define keys (HO)
) (/usr/local/texlive/2021/texmf-dist/tex/generic/pdfescape/pdfescape.sty
Package: pdfescape 2019/12/09 v1.15 Implements pdfTeX's escape features (HO)
) (/usr/local/texlive/2021/texmf-dist/tex/latex/hycolor/hycolor.sty
Package: hycolor 2020-01-27 v1.10 Color options for hyperref/bookmark (HO)
) (/usr/local/texlive/2021/texmf-dist/tex/latex/letltxmacro/letltxmacro.sty
Package: letltxmacro 2019/12/03 v1.6 Let assignment for LaTeX macros (HO)
) (/usr/local/texlive/2021/texmf-dist/tex/latex/auxhook/auxhook.sty
Package: auxhook 2019-12-17 v1.6 Hooks for auxiliary files (HO)
) (/usr/local/texlive/2021/texmf-dist/tex/latex/kvoptions/kvoptions.sty
Package: kvoptions 2020-10-07 v3.14 Key value format for package options (HO)
)
\@linkdim=\dimen154
\Hy@linkcounter=\count276
\Hy@pagecounter=\count277
 (/usr/local/texlive/2021/texmf-dist/tex/latex/hyperref/pd1enc.def
File: pd1enc.def 2021-06-07 v7.00m Hyperref: PDFDocEncoding definition (HO)
Now handling font encoding PD1 ...
... no UTF-8 mapping file for font encoding PD1
) (/usr/local/texlive/2021/texmf-dist/tex/latex/hyperref/hyperref-langpatches.def
File: hyperref-langpatches.def 2021-06-07 v7.00m Hyperref: patches for babel languages
) (/usr/local/texlive/2021/texmf-dist/tex/generic/intcalc/intcalc.sty
Package: intcalc 2019/12/15 v1.3 Expandable calculations with integers (HO)
) (/usr/local/texlive/2021/texmf-dist/tex/generic/etexcmds/etexcmds.sty
Package: etexcmds 2019/12/15 v1.7 Avoid name clashes with e-TeX commands (HO)
)
\Hy@SavedSpaceFactor=\count278
 (/usr/local/texlive/2021/texmf-dist/tex/latex/hyperref/puenc.def
File: puenc.def 2021-06-07 v7.00m Hyperref: PDF Unicode definition (HO)
Now handling font encoding PU ...
... no UTF-8 mapping file for font encoding PU
)
Package hyperref Info: Option `colorlinks' set `true' on input line 4073.
Package hyperref Info: Hyper figures OFF on input line 4192.
Package hyperref Info: Link nesting OFF on input line 4197.
Package hyperref Info: Hyper index ON on input line 4200.
Package hyperref Info: Plain pages OFF on input line 4207.
Package hyperref Info: Backreferencing OFF on input line 4212.
Package hyperref Info: Implicit mode ON; LaTeX internals redefined.
Package hyperref Info: Bookmarks ON on input line 4445.
\c@Hy@tempcnt=\count279
 (/usr/local/texlive/2021/texmf-dist/tex/latex/url/url.sty
\Urlmuskip=\muskip16
Package: url 2013/09/16  ver 3.4  Verb mode for urls, etc.
)
LaTeX Info: Redefining \url on input line 4804.
\XeTeXLinkMargin=\dimen155
 (/usr/local/texlive/2021/texmf-dist/tex/generic/bitset/bitset.sty
Package: bitset 2019/12/09 v1.3 Handle bit-vector datatype (HO)
 (/usr/local/texlive/2021/texmf-dist/tex/generic/bigintcalc/bigintcalc.sty
Package: bigintcalc 2019/12/15 v1.5 Expandable calculations on big integers (HO)
))
\Fld@menulength=\count280
\Field@Width=\dimen156
\Fld@charsize=\dimen157
Package hyperref Info: Hyper figures OFF on input line 6076.
Package hyperref Info: Link nesting OFF on input line 6081.
Package hyperref Info: Hyper index ON on input line 6084.
Package hyperref Info: backreferencing OFF on input line 6091.
Package hyperref Info: Link coloring ON on input line 6094.
Package hyperref Info: Link coloring with OCG OFF on input line 6101.
Package hyperref Info: PDF/A mode OFF on input line 6106.
LaTeX Info: Redefining \ref on input line 6146.
LaTeX Info: Redefining \pageref on input line 6150.
 (/usr/local/texlive/2021/texmf-dist/tex/latex/base/atbegshi-ltx.sty
Package: atbegshi-ltx 2021/01/10 v1.0c Emulation of the original atbegshi
package with kernel methods
)
\Hy@abspage=\count281
\c@Item=\count282
\c@Hfootnote=\count283
)
Package hyperref Info: Driver (autodetected): hpdftex.
 (/usr/local/texlive/2021/texmf-dist/tex/latex/hyperref/hpdftex.def
File: hpdftex.def 2021-06-07 v7.00m Hyperref driver for pdfTeX
 (/usr/local/texlive/2021/texmf-dist/tex/latex/base/atveryend-ltx.sty
Package: atveryend-ltx 2020/08/19 v1.0a Emulation of the original atveryend package
with kernel methods
)
\Fld@listcount=\count284
\c@bookmark@seq@number=\count285
 (/usr/local/texlive/2021/texmf-dist/tex/latex/rerunfilecheck/rerunfilecheck.sty
Package: rerunfilecheck 2019/12/05 v1.9 Rerun checks for auxiliary files (HO)
 (/usr/local/texlive/2021/texmf-dist/tex/generic/uniquecounter/uniquecounter.sty
Package: uniquecounter 2019/12/15 v1.4 Provide unlimited unique counter (HO)
)
Package uniquecounter Info: New unique counter `rerunfilecheck' on input line 286.
)
\Hy@SectionHShift=\skip54
) (/usr/local/texlive/2021/texmf-dist/tex/latex/l3backend/l3backend-pdftex.def
File: l3backend-pdftex.def 2022-01-12 L3 backend support: PDF output (pdfTeX)
\l__color_backend_stack_int=\count286
\l__pdf_internal_box=\box51
) (./SO_secondo_semestre.aux)
\openout1 = `SO_secondo_semestre.aux'.

LaTeX Font Info:    Checking defaults for OML/cmm/m/it on input line 13.
LaTeX Font Info:    ... okay on input line 13.
LaTeX Font Info:    Checking defaults for OMS/cmsy/m/n on input line 13.
LaTeX Font Info:    ... okay on input line 13.
LaTeX Font Info:    Checking defaults for OT1/cmr/m/n on input line 13.
LaTeX Font Info:    ... okay on input line 13.
LaTeX Font Info:    Checking defaults for T1/cmr/m/n on input line 13.
LaTeX Font Info:    ... okay on input line 13.
LaTeX Font Info:    Checking defaults for TS1/cmr/m/n on input line 13.
LaTeX Font Info:    ... okay on input line 13.
LaTeX Font Info:    Checking defaults for OMX/cmex/m/n on input line 13.
LaTeX Font Info:    ... okay on input line 13.
LaTeX Font Info:    Checking defaults for U/cmr/m/n on input line 13.
LaTeX Font Info:    ... okay on input line 13.
LaTeX Font Info:    Checking defaults for PD1/pdf/m/n on input line 13.
LaTeX Font Info:    ... okay on input line 13.
LaTeX Font Info:    Checking defaults for PU/pdf/m/n on input line 13.
LaTeX Font Info:    ... okay on input line 13.
LaTeX Info: Redefining \it@ocap on input line 13.
LaTeX Info: Redefining \it@ccap on input line 13.
 (/usr/local/texlive/2021/texmf-dist/tex/context/base/mkii/supp-pdf.mkii
[Loading MPS to PDF converter (version 2006.09.02).]
\scratchcounter=\count287
\scratchdimen=\dimen158
\scratchbox=\box52
\nofMPsegments=\count288
\nofMParguments=\count289
\everyMPshowfont=\toks19
\MPscratchCnt=\count290
\MPscratchDim=\dimen159
\MPnumerator=\count291
\makeMPintoPDFobject=\count292
\everyMPtoPDFconversion=\toks20
) (/usr/local/texlive/2021/texmf-dist/tex/latex/epstopdf-pkg/epstopdf-base.sty
Package: epstopdf-base 2020-01-24 v2.11 Base part for package epstopdf
Package epstopdf-base Info: Redefining graphics rule for `.eps' on input line 485.
 (/usr/local/texlive/2021/texmf-dist/tex/latex/latexconfig/epstopdf-sys.cfg
File: epstopdf-sys.cfg 2010/07/13 v1.3 Configuration of (r)epstopdf for TeX Live
)) (/usr/local/texlive/2021/texmf-dist/tex/latex/ragged2e/ragged2e.sty
Package: ragged2e 2021/12/15 v3.1 ragged2e Package
\CenteringLeftskip=\skip55
\RaggedLeftLeftskip=\skip56
\RaggedRightLeftskip=\skip57
\CenteringRightskip=\skip58
\RaggedLeftRightskip=\skip59
\RaggedRightRightskip=\skip60
\CenteringParfillskip=\skip61
\RaggedLeftParfillskip=\skip62
\RaggedRightParfillskip=\skip63
\JustifyingParfillskip=\skip64
\CenteringParindent=\skip65
\RaggedLeftParindent=\skip66
\RaggedRightParindent=\skip67
\JustifyingParindent=\skip68
)
Package caption Info: Begin \AtBeginDocument code.
Package caption Info: subfig package v1.3 is loaded.
Package caption Info: hyperref package is loaded.
Package caption Info: End \AtBeginDocument code.
 (/usr/local/texlive/2021/texmf-dist/tex/latex/graphics/color.sty
Package: color 2021/12/07 v1.3c Standard LaTeX Color (DPC)
 (/usr/local/texlive/2021/texmf-dist/tex/latex/graphics-cfg/color.cfg
File: color.cfg 2016/01/02 v1.6 sample color configuration
)
Package color Info: Driver file: pdftex.def on input line 149.
)
Package hyperref Info: Link coloring ON on input line 13.
 (/usr/local/texlive/2021/texmf-dist/tex/latex/hyperref/nameref.sty
Package: nameref 2021-04-02 v2.47 Cross-referencing by name of section
 (/usr/local/texlive/2021/texmf-dist/tex/latex/refcount/refcount.sty
Package: refcount 2019/12/15 v3.6 Data extraction from label references (HO)
) (/usr/local/texlive/2021/texmf-dist/tex/generic/gettitlestring/gettitlestring.sty
Package: gettitlestring 2019/12/15 v1.6 Cleanup title references (HO)
)
\c@section@level=\count293
)
LaTeX Info: Redefining \ref on input line 13.
LaTeX Info: Redefining \pageref on input line 13.
LaTeX Info: Redefining \nameref on input line 13.
 (./SO_secondo_semestre.out) (./SO_secondo_semestre.out)
\@outlinefile=\write3
\openout3 = `SO_secondo_semestre.out'.

LaTeX Font Info:    External font `cmex10' loaded for size
(Font)              <14.4> on input line 20.
LaTeX Font Info:    External font `cmex10' loaded for size
(Font)              <7> on input line 20.
 [1


{/usr/local/texlive/2021/texmf-var/fonts/map/pdftex/updmap/pdftex.map}] [2

] (./SO_secondo_semestre.toc
LaTeX Font Info:    External font `cmex10' loaded for size
(Font)              <12> on input line 4.
LaTeX Font Info:    External font `cmex10' loaded for size
(Font)              <8> on input line 4.
LaTeX Font Info:    External font `cmex10' loaded for size
(Font)              <6> on input line 4.
 [3])
\tf@toc=\write4
\openout4 = `SO_secondo_semestre.toc'.

 [4]
Capitolo 1.
LaTeX Font Info:    Trying to load font information for T1+cmtt on input line 35.
(/usr/local/texlive/2021/texmf-dist/tex/latex/base/t1cmtt.fd
File: t1cmtt.fd 2019/12/16 v2.5j Standard LaTeX font definitions
)
<ovetto.png, id=281, 447.6725pt x 327.2225pt>
File: ovetto.png Graphic file (type png)
<use ovetto.png>
Package pdftex.def Info: ovetto.png  used on input line 44.
(pdftex.def)             Requested size: 195.0pt x 142.53535pt.
 [5

 <./ovetto.png>] [6]
Capitolo 2.
<rag.jpg, id=295, 837.1275pt x 725.71124pt>
File: rag.jpg Graphic file (type jpg)
<use rag.jpg>
Package pdftex.def Info: rag.jpg  used on input line 79.
(pdftex.def)             Requested size: 195.0pt x 169.03618pt.

Underfull \vbox (badness 5908) has occurred while \output is active []

 [7

] [8 <./rag.jpg>]
<rag_reclamo.png, id=307, 747.79375pt x 338.26375pt>
File: rag_reclamo.png Graphic file (type png)
<use rag_reclamo.png>
Package pdftex.def Info: rag_reclamo.png  used on input line 142.
(pdftex.def)             Requested size: 312.00119pt x 141.1304pt.
 [9 <./rag_reclamo.png>]
<banchiere3.png, id=313, 600.2425pt x 126.4725pt>
File: banchiere3.png Graphic file (type png)
<use banchiere3.png>
Package pdftex.def Info: banchiere3.png  used on input line 151.
(pdftex.def)             Requested size: 390.0pt x 82.17526pt.
<banchiere1.png, id=315, 751.80875pt x 433.62pt>
File: banchiere1.png Graphic file (type png)
<use banchiere1.png>
Package pdftex.def Info: banchiere1.png  used on input line 155.
(pdftex.def)             Requested size: 390.0pt x 224.94115pt.
<banchiere2.png, id=316, 730.73pt x 508.90125pt>
File: banchiere2.png Graphic file (type png)
<use banchiere2.png>
Package pdftex.def Info: banchiere2.png  used on input line 159.
(pdftex.def)             Requested size: 390.0pt x 271.60332pt.

Underfull \vbox (badness 10000) has occurred while \output is active []

 [10 <./banchiere3.png> <./banchiere1.png>]
LaTeX Font Info:    Trying to load font information for TS1+cmtt on input line 171.
 (/usr/local/texlive/2021/texmf-dist/tex/latex/base/ts1cmtt.fd
File: ts1cmtt.fd 2019/12/16 v2.5j Standard LaTeX font definitions
)
<detection.png, id=324, 1010.77625pt x 654.445pt>
File: detection.png Graphic file (type png)
<use detection.png>
Package pdftex.def Info: detection.png  used on input line 174.
(pdftex.def)             Requested size: 390.0pt x 252.51633pt.

Underfull \vbox (badness 10000) has occurred while \output is active []

 [11 <./banchiere2.png>]
<detection2.png, id=331, 451.6875pt x 361.35pt>
File: detection2.png Graphic file (type png)
<use detection2.png>
Package pdftex.def Info: detection2.png  used on input line 182.
(pdftex.def)             Requested size: 390.0pt x 312.0176pt.

Underfull \vbox (badness 10000) has occurred while \output is active []

 [12 <./detection.png>] [13 <./detection2.png>] [14]
Capitolo 3.
[15

]
<trasformazione.png, id=352, 835.12pt x 292.09125pt>
File: trasformazione.png Graphic file (type png)
<use trasformazione.png>
Package pdftex.def Info: trasformazione.png  used on input line 249.
(pdftex.def)             Requested size: 390.0pt x 136.40933pt.
 [16 <./trasformazione.png>] [17] [18]
Capitolo 4.
[19

]
<mmu_partizioni_fisse.png, id=373, 788.9475pt x 258.9675pt>
File: mmu_partizioni_fisse.png Graphic file (type png)
<use mmu_partizioni_fisse.png>
Package pdftex.def Info: mmu_partizioni_fisse.png  used on input line 375.
(pdftex.def)             Requested size: 390.0pt x 128.01344pt.
 [20 <./mmu_partizioni_fisse.png>]
<buddy_system.png, id=379, 532.99126pt x 293.095pt>
File: buddy_system.png Graphic file (type png)
<use buddy_system.png>
Package pdftex.def Info: buddy_system.png  used on input line 416.
(pdftex.def)             Requested size: 195.0pt x 107.23146pt.
 [21 <./buddy_system.png>] [22] [23] [24] [25] [26]
Capitolo 5.
[27

] [28]
<FIFO.png, id=431, 589.20125pt x 172.645pt>
File: FIFO.png Graphic file (type png)
<use FIFO.png>
Package pdftex.def Info: FIFO.png  used on input line 723.
(pdftex.def)             Requested size: 195.0pt x 57.13898pt.
<belady.png, id=432, 630.355pt x 316.18124pt>
File: belady.png Graphic file (type png)
<use belady.png>
Package pdftex.def Info: belady.png  used on input line 725.
(pdftex.def)             Requested size: 195.0pt x 97.80771pt.


LaTeX Warning: `!h' float specifier changed to `!ht'.

<ideale.png, id=433, 579.16376pt x 173.64874pt>
File: ideale.png Graphic file (type png)
<use ideale.png>
Package pdftex.def Info: ideale.png  used on input line 734.
(pdftex.def)             Requested size: 195.0pt x 58.46481pt.
[29]
<LRU.png, id=439, 566.115pt x 146.5475pt>
File: LRU.png Graphic file (type png)
<use LRU.png>
Package pdftex.def Info: LRU.png  used on input line 744.
(pdftex.def)             Requested size: 195.0pt x 50.47842pt.
 [30 <./FIFO.png> <./belady.png> <./ideale.png> <./LRU.png>]
<LRU_approx.png, id=455, 255.95625pt x 190.7125pt>
File: LRU_approx.png Graphic file (type png)
<use LRU_approx.png>
Package pdftex.def Info: LRU_approx.png  used on input line 761.
(pdftex.def)             Requested size: 272.99881pt x 203.42305pt.
 [31 <./LRU_approx.png>] [32]
Capitolo 6.
[33

]
<working_set.png, id=470, 556.0775pt x 149.55875pt>
File: working_set.png Graphic file (type png)
<use working_set.png>
Package pdftex.def Info: working_set.png  used on input line 821.
(pdftex.def)             Requested size: 195.0pt x 52.44675pt.
<pff.png, id=471, 455.7025pt x 234.8775pt>
File: pff.png Graphic file (type png)
<use pff.png>
Package pdftex.def Info: pff.png  used on input line 838.
(pdftex.def)             Requested size: 195.0pt x 100.50793pt.
 [34 <./working_set.png>] [35 <./pff.png>] [36

]
Capitolo 7.
[37]
<zigzag.png, id=491, 356.33125pt x 247.92625pt>
File: zigzag.png Graphic file (type png)
<use zigzag.png>
Package pdftex.def Info: zigzag.png  used on input line 892.
(pdftex.def)             Requested size: 195.0pt x 135.67513pt.
<sstf.png, id=492, 463.7325pt x 312.16624pt>
File: sstf.png Graphic file (type png)
<use sstf.png>
Package pdftex.def Info: sstf.png  used on input line 903.
(pdftex.def)             Requested size: 195.0pt x 131.26611pt.
 [38 <./zigzag.png> <./sstf.png>]
<scan.png, id=499, 393.47pt x 262.9825pt>
File: scan.png Graphic file (type png)
<use scan.png>
Package pdftex.def Info: scan.png  used on input line 915.
(pdftex.def)             Requested size: 195.0pt x 130.33122pt.
<c-scan.png, id=500, 432.61626pt x 304.13625pt>
File: c-scan.png Graphic file (type png)
<use c-scan.png>
Package pdftex.def Info: c-scan.png  used on input line 928.
(pdftex.def)             Requested size: 195.0pt x 137.08743pt.
 [39 <./scan.png> <./c-scan.png>]
<nuda.png, id=507, 440.64626pt x 54.2025pt>
File: nuda.png Graphic file (type png)
<use nuda.png>
Package pdftex.def Info: nuda.png  used on input line 978.
(pdftex.def)             Requested size: 195.0pt x 23.98645pt.
<form_fisica.png, id=508, 430.60875pt x 41.15375pt>
File: form_fisica.png Graphic file (type png)
<use form_fisica.png>
Package pdftex.def Info: form_fisica.png  used on input line 980.
(pdftex.def)             Requested size: 195.0pt x 18.63643pt.
<form_logica.png, id=509, 431.6125pt x 42.1575pt>
File: form_logica.png Graphic file (type png)
<use form_logica.png>
Package pdftex.def Info: form_logica.png  used on input line 982.
(pdftex.def)             Requested size: 195.0pt x 19.04594pt.
 [40 <./nuda.png> <./form_fisica.png> <./form_logica.png>] [41] [42

]
Capitolo 8.
[43] [44] (./SO_secondo_semestre.aux)
Package rerunfilecheck Info: File `SO_secondo_semestre.out' has not changed.
(rerunfilecheck)             Checksum: CCA4C5F4EF46054539A18220FEE811F1;6581.
 ) 
Here is how much of TeX's memory you used:
 11765 strings out of 478287
 191443 string characters out of 5846764
 491245 words of memory out of 5000000
 29678 multiletter control sequences out of 15000+600000
 483862 words of font info for 56 fonts, out of 8000000 for 9000
 1141 hyphenation exceptions out of 8191
 69i,11n,79p,389b,492s stack positions out of 5000i,500n,10000p,200000b,80000s
{/usr/local/texlive/2021/texmf-dist/fonts/enc/dvips/cm-super/cm-super-t1.enc}{/usr/local/texlive/2021/texmf-dist/fonts/enc/dvips/cm-super/cm-super-ts1.enc}</usr/local/texlive/2021/texmf-dist/fonts/type1/public/amsfonts/cm/cmex10.pfb></usr/local/texlive/2021/texmf-dist/fonts/type1/public/amsfonts/cm/cmmi12.pfb></usr/local/texlive/2021/texmf-dist/fonts/type1/public/amsfonts/cm/cmmi8.pfb></usr/local/texlive/2021/texmf-dist/fonts/type1/public/amsfonts/cm/cmr12.pfb></usr/local/texlive/2021/texmf-dist/fonts/type1/public/amsfonts/cm/cmr8.pfb></usr/local/texlive/2021/texmf-dist/fonts/type1/public/amsfonts/cm/cmsy10.pfb></usr/local/texlive/2021/texmf-dist/fonts/type1/public/cm-super/sfbi1000.pfb></usr/local/texlive/2021/texmf-dist/fonts/type1/public/cm-super/sfbx1200.pfb></usr/local/texlive/2021/texmf-dist/fonts/type1/public/cm-super/sfbx1440.pfb></usr/local/texlive/2021/texmf-dist/fonts/type1/public/cm-super/sfbx1728.pfb></usr/local/texlive/2021/texmf-dist/fonts/type1/public/cm-super/sfbx2488.pfb></usr/local/texlive/2021/texmf-dist/fonts/type1/public/cm-super/sfrm1000.pfb></usr/local/texlive/2021/texmf-dist/fonts/type1/public/cm-super/sfrm1200.pfb></usr/local/texlive/2021/texmf-dist/fonts/type1/public/cm-super/sfrm1440.pfb></usr/local/texlive/2021/texmf-dist/fonts/type1/public/cm-super/sfrm2074.pfb></usr/local/texlive/2021/texmf-dist/fonts/type1/public/cm-super/sfsl1200.pfb></usr/local/texlive/2021/texmf-dist/fonts/type1/public/cm-super/sftt1200.pfb>
Output written on SO_secondo_semestre.pdf (44 pages, 1138043 bytes).
PDF statistics:
 647 PDF objects out of 1000 (max. 8388607)
 509 compressed objects within 6 object streams
 113 named destinations out of 1000 (max. 500000)
 468 words of extra memory for PDF output out of 10000 (max. 10000000)

