\BOOKMARK [0][-]{chapter.1}{\376\377\000M\000o\000n\000i\000t\000o\000r}{}% 1
\BOOKMARK [1][-]{section.1.1}{\376\377\000P\000r\000o\000b\000l\000e\000m\000a\000t\000i\000c\000h\000e}{chapter.1}% 2
\BOOKMARK [0][-]{chapter.2}{\376\377\000D\000e\000a\000d\000l\000o\000c\000k}{}% 3
\BOOKMARK [1][-]{section.2.1}{\376\377\000G\000e\000s\000t\000i\000o\000n\000e\000\040\000D\000e\000a\000d\000l\000o\000c\000k}{chapter.2}% 4
\BOOKMARK [0][-]{chapter.3}{\376\377\000G\000e\000s\000t\000i\000o\000n\000e\000\040\000d\000e\000l\000l\000a\000\040\000m\000e\000m\000o\000r\000i\000a}{}% 5
\BOOKMARK [1][-]{section.3.1}{\376\377\000B\000i\000n\000d\000i\000n\000g\000\040\000d\000e\000g\000l\000i\000\040\000i\000n\000d\000i\000r\000i\000z\000z\000i}{chapter.3}% 6
\BOOKMARK [1][-]{section.3.2}{\376\377\000L\000i\000n\000k\000i\000n\000g}{chapter.3}% 7
\BOOKMARK [1][-]{section.3.3}{\376\377\000L\000o\000a\000d\000i\000n\000g}{chapter.3}% 8
\BOOKMARK [1][-]{section.3.4}{\376\377\000S\000p\000a\000z\000i\000o\000\040\000d\000i\000\040\000i\000n\000d\000i\000r\000i\000z\000z\000a\000m\000e\000n\000t\000o\000\040\000l\000o\000g\000i\000c\000o}{chapter.3}% 9
\BOOKMARK [0][-]{chapter.4}{\376\377\000S\000c\000h\000e\000m\000i\000\040\000d\000i\000\040\000g\000e\000s\000t\000i\000o\000n\000e\000\040\000d\000e\000l\000l\000a\000\040\000m\000e\000m\000o\000r\000i\000a}{}% 10
\BOOKMARK [1][-]{section.4.1}{\376\377\000A\000l\000l\000o\000c\000a\000z\000i\000o\000n\000e\000\040\000c\000o\000n\000t\000i\000g\000u\000a}{chapter.4}% 11
\BOOKMARK [2][-]{subsection.4.1.1}{\376\377\000P\000a\000r\000t\000i\000z\000i\000o\000n\000i\000\040\000f\000i\000s\000s\000e}{section.4.1}% 12
\BOOKMARK [2][-]{subsection.4.1.2}{\376\377\000P\000a\000r\000t\000i\000z\000i\000o\000n\000i\000\040\000v\000a\000r\000i\000a\000b\000i\000l\000i}{section.4.1}% 13
\BOOKMARK [2][-]{subsection.4.1.3}{\376\377\000T\000e\000c\000n\000i\000c\000a\000\040\000d\000e\000l\000\040\000B\000u\000d\000d\000y\000\040\000S\000y\000s\000t\000e\000m}{section.4.1}% 14
\BOOKMARK [1][-]{section.4.2}{\376\377\000P\000a\000g\000i\000n\000a\000z\000i\000o\000n\000e}{chapter.4}% 15
\BOOKMARK [2][-]{subsection.4.2.1}{\376\377\000T\000a\000b\000e\000l\000l\000a\000\040\000d\000e\000l\000l\000e\000\040\000p\000a\000g\000i\000n\000e\000\040\000i\000n\000v\000e\000r\000t\000i\000t\000a}{section.4.2}% 16
\BOOKMARK [2][-]{subsection.4.2.2}{\376\377\000P\000a\000g\000i\000n\000a\000z\000i\000o\000n\000e\000\040\000m\000u\000l\000t\000i\000l\000i\000v\000e\000l\000l\000o}{section.4.2}% 17
\BOOKMARK [1][-]{section.4.3}{\376\377\000S\000e\000g\000m\000e\000n\000t\000a\000z\000i\000o\000n\000e}{chapter.4}% 18
\BOOKMARK [1][-]{section.4.4}{\376\377\000P\000a\000g\000i\000n\000a\000z\000i\000o\000n\000e\000\040\000v\000s\000\040\000S\000e\000g\000m\000e\000n\000t\000a\000z\000i\000o\000n\000e}{chapter.4}% 19
\BOOKMARK [1][-]{section.4.5}{\376\377\000S\000e\000g\000m\000e\000n\000t\000a\000z\000i\000o\000n\000e\000\040\000p\000a\000g\000i\000n\000a\000t\000a}{chapter.4}% 20
\BOOKMARK [0][-]{chapter.5}{\376\377\000M\000e\000m\000o\000r\000i\000a\000\040\000v\000i\000r\000t\000u\000a\000l\000e}{}% 21
\BOOKMARK [1][-]{section.5.1}{\376\377\000M\000o\000t\000i\000v\000a\000z\000i\000o\000n\000i}{chapter.5}% 22
\BOOKMARK [1][-]{section.5.2}{\376\377\000P\000a\000g\000i\000n\000a\000z\000i\000o\000n\000e\000\040\000s\000u\000\040\000d\000o\000m\000a\000n\000d\000a}{chapter.5}% 23
\BOOKMARK [2][-]{subsection.5.2.1}{\376\377\000E\000A\000T\000\040\000d\000i\000\040\000u\000n\000\040\000P\000a\000g\000e\000\040\000F\000a\000u\000l\000t}{section.5.2}% 24
\BOOKMARK [2][-]{subsection.5.2.2}{\376\377\000R\000i\000m\000p\000i\000a\000z\000z\000a\000m\000e\000n\000t\000o\000\040\000d\000e\000l\000l\000e\000\040\000p\000a\000g\000i\000n\000e}{section.5.2}% 25
\BOOKMARK [2][-]{subsection.5.2.3}{\376\377\000A\000l\000g\000o\000r\000i\000t\000m\000i\000\040\000d\000i\000\040\000r\000i\000m\000p\000i\000a\000z\000z\000a\000m\000e\000n\000t\000o\000\040\000d\000e\000l\000l\000e\000\040\000p\000a\000g\000i\000n\000e}{section.5.2}% 26
\BOOKMARK [2][-]{subsection.5.2.4}{\376\377\000A\000l\000g\000o\000r\000i\000t\000m\000o\000\040\000F\000I\000F\000O}{section.5.2}% 27
\BOOKMARK [2][-]{subsection.5.2.5}{\376\377\000A\000l\000g\000o\000r\000i\000t\000m\000o\000\040\000I\000d\000e\000a\000l\000e}{section.5.2}% 28
\BOOKMARK [2][-]{subsection.5.2.6}{\376\377\000A\000l\000g\000o\000r\000i\000t\000m\000o\000\040\000L\000R\000U}{section.5.2}% 29
\BOOKMARK [0][-]{chapter.6}{\376\377\000A\000l\000l\000o\000c\000a\000z\000i\000o\000n\000e\000\040\000d\000e\000i\000\040\000f\000r\000a\000m\000e}{}% 30
\BOOKMARK [1][-]{section.6.1}{\376\377\000A\000l\000l\000o\000c\000a\000z\000i\000o\000n\000e\000\040\000f\000i\000s\000s\000a}{chapter.6}% 31
\BOOKMARK [1][-]{section.6.2}{\376\377\000A\000l\000l\000o\000c\000a\000z\000i\000o\000n\000e\000\040\000v\000a\000r\000i\000a\000b\000i\000l\000e}{chapter.6}% 32
\BOOKMARK [2][-]{subsection.6.2.1}{\376\377\000W\000o\000r\000k\000i\000n\000g\000\040\000s\000e\000t}{section.6.2}% 33
\BOOKMARK [2][-]{subsection.6.2.2}{\376\377\000P\000a\000g\000e\000\040\000F\000a\000u\000l\000t\000\040\000F\000r\000e\000q\000u\000e\000n\000c\000y}{section.6.2}% 34
\BOOKMARK [0][-]{chapter.7}{\376\377\000M\000e\000m\000o\000r\000i\000a\000\040\000s\000e\000c\000o\000n\000d\000a\000r\000i\000a}{}% 35
\BOOKMARK [1][-]{section.7.1}{\376\377\000S\000c\000h\000e\000d\000u\000l\000i\000n\000g\000\040\000d\000e\000g\000l\000i\000\040\000a\000c\000c\000e\000s\000s\000i\000\040\000a\000\040\000d\000i\000s\000c\000o}{chapter.7}% 36
\BOOKMARK [1][-]{section.7.2}{\376\377\000F\000o\000r\000m\000a\000t\000t\000a\000z\000i\000o\000n\000e\000\040\000d\000e\000i\000\040\000d\000i\000s\000c\000h\000i}{chapter.7}% 37
\BOOKMARK [1][-]{section.7.3}{\376\377\000G\000e\000s\000t\000i\000o\000n\000e\000\040\000d\000e\000i\000\040\000b\000l\000o\000c\000c\000h\000i\000\040\000d\000i\000f\000e\000t\000t\000o\000s\000i}{chapter.7}% 38
\BOOKMARK [1][-]{section.7.4}{\376\377\000G\000e\000s\000t\000i\000o\000n\000e\000\040\000d\000e\000l\000l\000o\000\040\000s\000p\000a\000z\000i\000o\000\040\000d\000i\000\040\000s\000w\000a\000p}{chapter.7}% 39
\BOOKMARK [0][-]{chapter.8}{\376\377\000F\000i\000l\000e\000\040\000S\000y\000s\000t\000e\000m}{}% 40
\BOOKMARK [1][-]{section.8.1}{\376\377\000I\000n\000t\000e\000r\000f\000a\000c\000c\000i\000a}{chapter.8}% 41
\BOOKMARK [2][-]{subsection.8.1.1}{\376\377\000O\000p\000e\000r\000a\000z\000i\000o\000n\000i\000\040\000s\000u\000\040\000f\000i\000l\000e}{section.8.1}% 42
\BOOKMARK [2][-]{subsection.8.1.2}{\376\377\000M\000e\000t\000o\000d\000i\000\040\000d\000i\000\040\000a\000c\000c\000e\000s\000s\000o}{section.8.1}% 43
\BOOKMARK [1][-]{section.8.2}{\376\377\000S\000t\000r\000u\000t\000t\000u\000r\000a\000\040\000d\000e\000l\000l\000e\000\040\000d\000i\000r\000e\000c\000t\000o\000r\000y}{chapter.8}% 44
\BOOKMARK [2][-]{subsection.8.2.1}{\376\377\000D\000i\000r\000e\000c\000t\000o\000r\000y\000\040\000a\000\040\000u\000n\000\040\000l\000i\000v\000e\000l\000l\000o}{section.8.2}% 45
\BOOKMARK [2][-]{subsection.8.2.2}{\376\377\000D\000i\000r\000e\000c\000t\000o\000r\000y\000\040\000a\000\040\000d\000u\000e\000\040\000l\000i\000v\000e\000l\000l\000i}{section.8.2}% 46
\BOOKMARK [2][-]{subsection.8.2.3}{\376\377\000D\000i\000r\000e\000c\000t\000o\000r\000y\000\040\000a\000d\000\040\000a\000l\000b\000e\000r\000o}{section.8.2}% 47
\BOOKMARK [2][-]{subsection.8.2.4}{\376\377\000D\000i\000r\000e\000c\000t\000o\000r\000y\000\040\000a\000\040\000g\000r\000a\000f\000o\000\040\000a\000c\000i\000c\000l\000i\000c\000o}{section.8.2}% 48
\BOOKMARK [2][-]{subsection.8.2.5}{\376\377\000D\000i\000r\000e\000c\000t\000o\000r\000y\000\040\000a\000\040\000g\000r\000a\000f\000o\000\040\000g\000e\000n\000e\000r\000i\000c\000o}{section.8.2}% 49
\BOOKMARK [2][-]{subsection.8.2.6}{\376\377\000M\000o\000u\000n\000t\000\040\000d\000i\000\040\000f\000i\000l\000e\000\040\000s\000y\000s\000t\000e\000m}{section.8.2}% 50
\BOOKMARK [1][-]{section.8.3}{\376\377\000P\000r\000o\000t\000e\000z\000i\000o\000n\000e}{chapter.8}% 51
\BOOKMARK [1][-]{section.8.4}{\376\377\000I\000m\000p\000l\000e\000m\000e\000n\000t\000a\000z\000i\000o\000n\000e\000\040\000d\000e\000l\000\040\000f\000i\000l\000e\000\040\000s\000y\000s\000t\000e\000m}{chapter.8}% 52
\BOOKMARK [2][-]{subsection.8.4.1}{\376\377\000S\000t\000r\000u\000t\000t\000u\000r\000e\000\040\000s\000u\000\040\000d\000i\000s\000c\000o}{section.8.4}% 53
\BOOKMARK [2][-]{subsection.8.4.2}{\376\377\000S\000t\000r\000u\000t\000t\000u\000r\000e\000\040\000i\000n\000\040\000m\000e\000m\000o\000r\000i\000a}{section.8.4}% 54
\BOOKMARK [2][-]{subsection.8.4.3}{\376\377\000A\000l\000l\000o\000c\000a\000z\000i\000o\000n\000e\000\040\000d\000e\000l\000l\000o\000\040\000s\000p\000a\000z\000i\000o\000\040\000s\000u\000\040\000d\000i\000s\000c\000o}{section.8.4}% 55
\BOOKMARK [1][-]{section.8.5}{\376\377\000I\000m\000p\000l\000e\000m\000e\000n\000t\000a\000z\000i\000o\000n\000e\000\040\000d\000e\000l\000l\000e\000\040\000d\000i\000r\000e\000c\000t\000o\000r\000y}{chapter.8}% 56
\BOOKMARK [1][-]{section.8.6}{\376\377\000G\000e\000s\000t\000i\000o\000n\000e\000\040\000d\000e\000l\000l\000o\000\040\000s\000p\000a\000z\000i\000o\000\040\000l\000i\000b\000e\000r\000o}{chapter.8}% 57
\BOOKMARK [2][-]{subsection.8.6.1}{\376\377\000V\000e\000t\000t\000o\000r\000e\000\040\000d\000i\000\040\000b\000i\000t}{section.8.6}% 58
\BOOKMARK [2][-]{subsection.8.6.2}{\376\377\000L\000i\000s\000t\000a\000\040\000c\000o\000n\000c\000a\000t\000e\000n\000a\000t\000a}{section.8.6}% 59
\BOOKMARK [2][-]{subsection.8.6.3}{\376\377\000R\000a\000g\000g\000r\000u\000p\000p\000a\000m\000e\000n\000t\000o}{section.8.6}% 60
\BOOKMARK [2][-]{subsection.8.6.4}{\376\377\000C\000o\000n\000t\000e\000g\000g\000i\000o}{section.8.6}% 61
\BOOKMARK [1][-]{section.8.7}{\376\377\000E\000f\000f\000i\000c\000i\000e\000n\000z\000a\000\040\000e\000\040\000p\000r\000e\000s\000t\000a\000z\000i\000o\000n\000i}{chapter.8}% 62
\BOOKMARK [2][-]{subsection.8.7.1}{\376\377\000D\000i\000s\000c\000h\000i\000\040\000v\000i\000r\000t\000u\000a\000l\000i}{section.8.7}% 63
\BOOKMARK [2][-]{subsection.8.7.2}{\376\377\000B\000u\000f\000f\000e\000r\000\040\000c\000a\000c\000h\000e}{section.8.7}% 64
\BOOKMARK [2][-]{subsection.8.7.3}{\376\377\000F\000i\000l\000e\000\040\000s\000y\000s\000t\000e\000m\000\040\000l\000o\000g\000\040\000s\000t\000r\000u\000c\000t\000u\000r\000e\000d}{section.8.7}% 65
