\BOOKMARK [0][-]{chapter.1}{\376\377\000P\000r\000o\000c\000e\000s\000s\000i\000\040\000e\000\040\000p\000r\000o\000g\000r\000a\000m\000m\000i}{}% 1
\BOOKMARK [0][-]{chapter.2}{\376\377\000S\000y\000s\000t\000e\000m\000\040\000c\000a\000l\000l}{}% 2
\BOOKMARK [1][-]{section.2.1}{\376\377\000G\000e\000s\000t\000i\000o\000n\000e\000\040\000d\000e\000g\000l\000i\000\040\000e\000r\000r\000o\000r\000i\000\040\000d\000e\000l\000l\000e\000\040\000S\000y\000s\000t\000e\000m\000\040\000C\000a\000l\000l}{chapter.2}% 3
\BOOKMARK [0][-]{chapter.3}{\376\377\000K\000e\000r\000n\000e\000l\000\040\000d\000a\000t\000a\000\040\000t\000y\000p\000e\000s}{}% 4
\BOOKMARK [0][-]{chapter.4}{\376\377\000F\000i\000l\000e\000s\000y\000s\000t\000e\000m}{}% 5
\BOOKMARK [1][-]{section.4.1}{\376\377\000F\000i\000l\000e}{chapter.4}% 6
\BOOKMARK [2][-]{subsection.4.1.1}{\376\377\000o\000p\000e\000n}{section.4.1}% 7
\BOOKMARK [2][-]{subsection.4.1.2}{\376\377\000r\000e\000a\000d}{section.4.1}% 8
\BOOKMARK [2][-]{subsection.4.1.3}{\376\377\000w\000r\000i\000t\000e}{section.4.1}% 9
\BOOKMARK [2][-]{subsection.4.1.4}{\376\377\000l\000s\000e\000e\000k}{section.4.1}% 10
\BOOKMARK [2][-]{subsection.4.1.5}{\376\377\000c\000l\000o\000s\000e}{section.4.1}% 11
\BOOKMARK [2][-]{subsection.4.1.6}{\376\377\000u\000n\000l\000i\000n\000k}{section.4.1}% 12
\BOOKMARK [2][-]{subsection.4.1.7}{\376\377\000s\000t\000a\000t\000,\000\040\000l\000s\000t\000a\000t\000,\000\040\000f\000s\000t\000a\000t}{section.4.1}% 13
\BOOKMARK [2][-]{subsection.4.1.8}{\376\377\000M\000o\000d\000e}{section.4.1}% 14
\BOOKMARK [2][-]{subsection.4.1.9}{\376\377\000a\000c\000c\000e\000s\000s}{section.4.1}% 15
\BOOKMARK [2][-]{subsection.4.1.10}{\376\377\000c\000h\000m\000o\000d\000\040\000e\000\040\000f\000c\000h\000m\000o\000d}{section.4.1}% 16
\BOOKMARK [1][-]{section.4.2}{\376\377\000D\000i\000r\000e\000c\000t\000o\000r\000y}{chapter.4}% 17
\BOOKMARK [2][-]{subsection.4.2.1}{\376\377\000m\000k\000d\000i\000r}{section.4.2}% 18
\BOOKMARK [2][-]{subsection.4.2.2}{\376\377\000r\000m\000d\000i\000r}{section.4.2}% 19
\BOOKMARK [2][-]{subsection.4.2.3}{\376\377\000o\000p\000e\000n\000d\000i\000r\000,\000\040\000c\000l\000o\000s\000e\000d\000i\000r\000\040\000e\000\040\000r\000e\000a\000d\000d\000i\000r}{section.4.2}% 20
\BOOKMARK [0][-]{chapter.5}{\376\377\000P\000r\000o\000c\000e\000s\000s\000i}{}% 21
\BOOKMARK [1][-]{section.5.1}{\376\377\000I\000d\000e\000n\000t\000i\000f\000i\000c\000a\000t\000o\000r\000i}{chapter.5}% 22
\BOOKMARK [2][-]{subsection.5.1.1}{\376\377\000g\000e\000t\000p\000i\000d}{section.5.1}% 23
\BOOKMARK [2][-]{subsection.5.1.2}{\376\377\000g\000e\000t\000u\000i\000d\000,\000\040\000g\000e\000t\000e\000u\000i\000d\000,\000\040\000g\000e\000t\000g\000i\000d\000\040\000e\000\040\000g\000e\000t\000e\000g\000i\000d}{section.5.1}% 24
\BOOKMARK [1][-]{section.5.2}{\376\377\000E\000n\000v\000i\000r\000o\000n\000m\000e\000n\000t}{chapter.5}% 25
\BOOKMARK [2][-]{subsection.5.2.1}{\376\377\000g\000e\000t\000e\000n\000v\000,\000\040\000s\000e\000t\000e\000n\000v\000,\000\040\000u\000n\000s\000e\000t\000e\000n\000v}{section.5.2}% 26
\BOOKMARK [1][-]{section.5.3}{\376\377\000W\000o\000r\000k\000i\000n\000g\000\040\000d\000i\000r\000e\000c\000t\000o\000r\000y}{chapter.5}% 27
\BOOKMARK [2][-]{subsection.5.3.1}{\376\377\000g\000e\000t\000c\000w\000d}{section.5.3}% 28
\BOOKMARK [2][-]{subsection.5.3.2}{\376\377\000c\000h\000d\000i\000r\000,\000\040\000f\000c\000h\000d\000i\000r}{section.5.3}% 29
\BOOKMARK [1][-]{section.5.4}{\376\377\000F\000i\000l\000e\000\040\000d\000e\000s\000c\000r\000i\000p\000t\000o\000r\000\040\000t\000a\000b\000l\000e}{chapter.5}% 30
\BOOKMARK [2][-]{subsection.5.4.1}{\376\377\000d\000u\000p}{section.5.4}% 31
\BOOKMARK [1][-]{section.5.5}{\376\377\000O\000p\000e\000r\000a\000z\000i\000o\000n\000i\000\040\000c\000o\000n\000\040\000i\000\040\000p\000r\000o\000c\000e\000s\000s\000i}{chapter.5}% 32
\BOOKMARK [2][-]{subsection.5.5.1}{\376\377\000e\000x\000i\000t\000,\000\040\000a\000t\000e\000x\000i\000t}{section.5.5}% 33
\BOOKMARK [1][-]{section.5.6}{\376\377\000C\000r\000e\000a\000z\000i\000o\000n\000e\000\040\000d\000e\000i\000\040\000p\000r\000o\000c\000e\000s\000s\000i}{chapter.5}% 34
\BOOKMARK [2][-]{subsection.5.6.1}{\376\377\000f\000o\000r\000k}{section.5.6}% 35
\BOOKMARK [2][-]{subsection.5.6.2}{\376\377\000g\000e\000t\000p\000p\000i\000d}{section.5.6}% 36
\BOOKMARK [1][-]{section.5.7}{\376\377\000M\000o\000n\000i\000t\000o\000r\000i\000n\000g}{chapter.5}% 37
\BOOKMARK [2][-]{subsection.5.7.1}{\376\377\000w\000a\000i\000t}{section.5.7}% 38
\BOOKMARK [2][-]{subsection.5.7.2}{\376\377\000w\000a\000i\000t\000p\000i\000d}{section.5.7}% 39
\BOOKMARK [1][-]{section.5.8}{\376\377\000P\000r\000o\000g\000r\000a\000m\000\040\000e\000x\000e\000c\000u\000t\000i\000o\000n}{chapter.5}% 40
\BOOKMARK [2][-]{subsection.5.8.1}{\376\377\000e\000x\000e\000c\000\040\000s\000y\000s\000t\000e\000m\000\040\000c\000a\000l\000l\000s}{section.5.8}% 41
\BOOKMARK [0][-]{chapter.6}{\376\377\000I\000n\000t\000e\000r\000p\000r\000o\000c\000e\000s\000s\000\040\000c\000o\000m\000m\000u\000n\000i\000c\000a\000t\000i\000o\000n}{}% 42
\BOOKMARK [1][-]{section.6.1}{\376\377\000C\000r\000e\000a\000z\000i\000o\000n\000e\000\040\000d\000e\000l\000l\000e\000\040\000c\000h\000a\000v\000i}{chapter.6}% 43
\BOOKMARK [1][-]{section.6.2}{\376\377\000D\000a\000t\000a\000\040\000S\000t\000r\000u\000c\000t\000u\000r\000e}{chapter.6}% 44
\BOOKMARK [1][-]{section.6.3}{\376\377\000I\000P\000C\000\040\000c\000o\000m\000m\000a\000n\000d\000s}{chapter.6}% 45
\BOOKMARK [2][-]{subsection.6.3.1}{\376\377\000i\000p\000c\000s}{section.6.3}% 46
\BOOKMARK [2][-]{subsection.6.3.2}{\376\377\000i\000p\000c\000r\000m}{section.6.3}% 47
\BOOKMARK [1][-]{section.6.4}{\376\377\000S\000e\000m\000a\000p\000h\000o\000r\000e\000s}{chapter.6}% 48
\BOOKMARK [2][-]{subsection.6.4.1}{\376\377\000s\000e\000m\000g\000e\000t}{section.6.4}% 49
\BOOKMARK [2][-]{subsection.6.4.2}{\376\377\000s\000e\000m\000c\000t\000l}{section.6.4}% 50
\BOOKMARK [2][-]{subsection.6.4.3}{\376\377\000s\000e\000m\000o\000p}{section.6.4}% 51
\BOOKMARK [1][-]{section.6.5}{\376\377\000S\000i\000g\000n\000a\000l\000s}{chapter.6}% 52
\BOOKMARK [2][-]{subsection.6.5.1}{\376\377\000S\000e\000g\000n\000a\000l\000i\000\040\000d\000i\000\040\000d\000e\000f\000a\000u\000l\000t}{section.6.5}% 53
\BOOKMARK [2][-]{subsection.6.5.2}{\376\377\000s\000i\000g\000n\000a\000l\000\040\000h\000a\000n\000d\000l\000e\000r}{section.6.5}% 54
\BOOKMARK [2][-]{subsection.6.5.3}{\376\377\000s\000i\000g\000n\000a\000l}{section.6.5}% 55
\BOOKMARK [2][-]{subsection.6.5.4}{\376\377\000p\000a\000u\000s\000e}{section.6.5}% 56
\BOOKMARK [2][-]{subsection.6.5.5}{\376\377\000s\000l\000e\000e\000p}{section.6.5}% 57
\BOOKMARK [2][-]{subsection.6.5.6}{\376\377\000k\000i\000l\000l}{section.6.5}% 58
\BOOKMARK [2][-]{subsection.6.5.7}{\376\377\000a\000l\000a\000r\000m}{section.6.5}% 59
\BOOKMARK [2][-]{subsection.6.5.8}{\376\377\000s\000i\000g\000e\000m\000p\000t\000y\000s\000e\000t\000/\000s\000i\000g\000f\000i\000l\000l\000s\000e\000t}{section.6.5}% 60
\BOOKMARK [2][-]{subsection.6.5.9}{\376\377\000s\000i\000g\000a\000d\000d\000s\000e\000t\000,\000\040\000s\000i\000g\000d\000e\000l\000s\000e\000t\000,\000\040\000s\000i\000g\000i\000s\000m\000e\000m\000b\000e\000r}{section.6.5}% 61
\BOOKMARK [2][-]{subsection.6.5.10}{\376\377\000s\000i\000g\000p\000r\000o\000c\000m\000a\000s\000k}{section.6.5}% 62
\BOOKMARK [1][-]{section.6.6}{\376\377\000S\000h\000a\000r\000e\000d\000\040\000M\000e\000m\000o\000r\000y}{chapter.6}% 63
\BOOKMARK [2][-]{subsection.6.6.1}{\376\377\000s\000h\000m\000g\000e\000t}{section.6.6}% 64
\BOOKMARK [2][-]{subsection.6.6.2}{\376\377\000s\000h\000m\000a\000t}{section.6.6}% 65
\BOOKMARK [2][-]{subsection.6.6.3}{\376\377\000s\000h\000m\000d\000t}{section.6.6}% 66
\BOOKMARK [2][-]{subsection.6.6.4}{\376\377\000s\000h\000m\000c\000t\000l}{section.6.6}% 67
\BOOKMARK [1][-]{section.6.7}{\376\377\000M\000e\000s\000s\000a\000g\000e\000\040\000Q\000u\000e\000u\000e}{chapter.6}% 68
\BOOKMARK [2][-]{subsection.6.7.1}{\376\377\000m\000s\000g\000g\000e\000t}{section.6.7}% 69
\BOOKMARK [2][-]{subsection.6.7.2}{\376\377\000m\000s\000g\000s\000n\000d}{section.6.7}% 70
\BOOKMARK [2][-]{subsection.6.7.3}{\376\377\000m\000s\000g\000r\000c\000v}{section.6.7}% 71
\BOOKMARK [2][-]{subsection.6.7.4}{\376\377\000m\000s\000g\000c\000t\000l}{section.6.7}% 72
\BOOKMARK [1][-]{section.6.8}{\376\377\000T\000a\000b\000e\000l\000l\000a\000\040\000r\000i\000a\000s\000s\000u\000n\000t\000i\000v\000a}{chapter.6}% 73
\BOOKMARK [1][-]{section.6.9}{\376\377\000P\000I\000P\000E}{chapter.6}% 74
\BOOKMARK [2][-]{subsection.6.9.1}{\376\377\000p\000i\000p\000e}{section.6.9}% 75
\BOOKMARK [1][-]{section.6.10}{\376\377\000F\000I\000F\000O}{chapter.6}% 76
\BOOKMARK [2][-]{subsection.6.10.1}{\376\377\000m\000k\000f\000i\000f\000o}{section.6.10}% 77
\BOOKMARK [2][-]{subsection.6.10.2}{\376\377\000o\000p\000e\000n}{section.6.10}% 78
\BOOKMARK [0][-]{chapter.7}{\376\377\000D\000o\000m\000a\000n\000d\000e\000\040\000f\000a\000t\000t\000e\000\040\000a\000l\000l\000'\000o\000r\000a\000l\000e}{}% 79
